2025-03-13 11:39:04.072720 - Starting script
2025-03-13 11:39:05.271799 - Fetched and saved tweets successfully.
2025-03-13 11:39:58.730535 - Starting script
2025-03-13 11:40:00.086285 - Fetched and saved tweets successfully.
2025-03-13 11:40:01.375554 - Processed Tweet ID: 1900130517422367052, Author ID: 1526232471309758465, Username: elshborparkfc
2025-03-13 11:40:01.390678 - Progress saved after processing tweet ID 1900130517422367052
2025-03-13 11:41:02.765292 - Processed Tweet ID: 1900102127038718355, Author ID: 1526232471309758465, Username: elshborparkfc
2025-03-13 11:41:02.769528 - Progress saved after processing tweet ID 1900102127038718355
2025-03-13 11:42:04.095696 - Processed Tweet ID: 1900095549149528236, Author ID: 1526232471309758465, Username: elshborparkfc
2025-03-13 11:42:04.099165 - Progress saved after processing tweet ID 1900095549149528236
2025-03-13 11:43:05.403121 - Processed Tweet ID: 1900045828577743220, Author ID: 1478056962319396865, Username: MingtonFc
2025-03-13 11:43:05.409687 - Progress saved after processing tweet ID 1900045828577743220
2025-03-13 11:44:06.756431 - Processed Tweet ID: 1899924366294450332, Author ID: 1479801338343174149, Username: WeldStanley
2025-03-13 11:44:06.764567 - Progress saved after processing tweet ID 1899924366294450332
2025-03-13 11:45:08.027731 - Processed Tweet ID: 1899898190419128396, Author ID: 1845477968094580738, Username: Hornseaffor
2025-03-13 11:45:08.027731 - Progress saved after processing tweet ID 1899898190419128396
2025-03-13 11:46:09.311780 - Processed Tweet ID: 1899897251025076576, Author ID: 1481050672803897345, Username: MantowOG
2025-03-13 11:46:09.312780 - Progress saved after processing tweet ID 1899897251025076576
2025-03-13 11:47:10.605078 - Processed Tweet ID: 1899883093642866884, Author ID: 1845477968094580738, Username: Hornseaffor
2025-03-13 11:47:10.607078 - Progress saved after processing tweet ID 1899883093642866884
2025-03-13 11:48:11.948915 - Processed Tweet ID: 1899880448051810409, Author ID: 1467140217329098755, Username: PrethSteFC
2025-03-13 11:48:11.955572 - Progress saved after processing tweet ID 1899880448051810409
2025-03-13 11:49:13.332050 - Processed Tweet ID: 1899870501582807052, Author ID: 1571400909975871489, Username: MandCronAshamFC
2025-03-13 11:49:13.334050 - Progress saved after processing tweet ID 1899870501582807052
2025-03-13 11:50:14.627184 - Processed Tweet ID: 1899870068269330462, Author ID: 1571400909975871489, Username: MandCronAshamFC
2025-03-13 11:50:14.627720 - Progress saved after processing tweet ID 1899870068269330462
2025-03-13 11:51:15.980411 - Processed Tweet ID: 1899861424802795663, Author ID: 1481050672803897345, Username: MantowOG
2025-03-13 11:51:15.980411 - Progress saved after processing tweet ID 1899861424802795663
2025-03-13 11:52:17.457015 - Processed Tweet ID: 1899860553931133034, Author ID: 1484568770089828358, Username: WhistbyBol
2025-03-13 11:52:17.458016 - Progress saved after processing tweet ID 1899860553931133034
2025-03-13 11:53:18.787867 - Processed Tweet ID: 1899855233859133903, Author ID: 1472935901504364544, Username: PenCityFC
2025-03-13 11:53:18.789471 - Progress saved after processing tweet ID 1899855233859133903
2025-03-13 11:54:20.123005 - Processed Tweet ID: 1899814299662471333, Author ID: 1481050672803897345, Username: MantowOG
2025-03-13 11:54:20.125874 - Progress saved after processing tweet ID 1899814299662471333
2025-03-13 11:55:21.462468 - Processed Tweet ID: 1899785632878309814, Author ID: 1484568770089828358, Username: WhistbyBol
2025-03-13 11:55:21.463476 - Progress saved after processing tweet ID 1899785632878309814
2025-03-13 11:56:22.833309 - Processed Tweet ID: 1899741636688826592, Author ID: 1526232471309758465, Username: elshborparkfc
2025-03-13 11:56:22.834967 - Progress saved after processing tweet ID 1899741636688826592
2025-03-13 11:57:24.119418 - Processed Tweet ID: 1899741347516432466, Author ID: 1526232471309758465, Username: elshborparkfc
2025-03-13 11:57:24.132614 - Progress saved after processing tweet ID 1899741347516432466
2025-03-13 11:58:25.580570 - Processed Tweet ID: 1899594103647531388, Author ID: 1481050672803897345, Username: MantowOG
2025-03-13 11:58:25.582363 - Progress saved after processing tweet ID 1899594103647531388
2025-03-13 11:59:27.036242 - Processed Tweet ID: 1899551152431063278, Author ID: 1479801338343174149, Username: WeldStanley
2025-03-13 11:59:27.038558 - Progress saved after processing tweet ID 1899551152431063278
2025-03-13 12:00:28.418072 - Processed Tweet ID: 1899535803677614265, Author ID: 1845477968094580738, Username: Hornseaffor
2025-03-13 12:00:28.419702 - Progress saved after processing tweet ID 1899535803677614265
2025-03-13 12:01:29.729311 - Processed Tweet ID: 1899534883145277516, Author ID: 1481050672803897345, Username: MantowOG
2025-03-13 12:01:29.730548 - Progress saved after processing tweet ID 1899534883145277516
2025-03-13 12:02:31.134536 - Processed Tweet ID: 1899520699179454963, Author ID: 1845477968094580738, Username: Hornseaffor
2025-03-13 12:02:31.138149 - Progress saved after processing tweet ID 1899520699179454963
2025-03-13 12:03:32.475227 - Processed Tweet ID: 1899499128507236605, Author ID: 1481050672803897345, Username: MantowOG
2025-03-13 12:03:32.475227 - Progress saved after processing tweet ID 1899499128507236605
2025-03-13 12:04:33.970814 - Processed Tweet ID: 1899493787820282171, Author ID: 1472935901504364544, Username: PenCityFC
2025-03-13 12:04:33.972813 - Progress saved after processing tweet ID 1899493787820282171
2025-03-13 12:05:35.306060 - Processed Tweet ID: 1899488692344905928, Author ID: 1487421736425566212, Username: CoroadBrains
2025-03-13 12:05:35.309704 - Progress saved after processing tweet ID 1899488692344905928
2025-03-13 12:06:36.862398 - Processed Tweet ID: 1899473816406892919, Author ID: 1472935901504364544, Username: PenCityFC
2025-03-13 12:06:36.865576 - Progress saved after processing tweet ID 1899473816406892919
2025-03-13 12:07:38.245662 - Processed Tweet ID: 1899464305113702808, Author ID: 1358400749747724289, Username: Footium
2025-03-13 12:07:38.248662 - Progress saved after processing tweet ID 1899464305113702808
2025-03-13 12:08:39.614104 - Processed Tweet ID: 1899463592421806320, Author ID: 1472935901504364544, Username: PenCityFC
2025-03-13 12:08:39.621286 - Progress saved after processing tweet ID 1899463592421806320
2025-03-13 12:09:40.965425 - Processed Tweet ID: 1899462557867331910, Author ID: 1467140217329098755, Username: PrethSteFC
2025-03-13 12:09:40.965425 - Progress saved after processing tweet ID 1899462557867331910
2025-03-13 12:10:42.293510 - Processed Tweet ID: 1899462422785868116, Author ID: 1526232471309758465, Username: elshborparkfc
2025-03-13 12:10:42.298003 - Progress saved after processing tweet ID 1899462422785868116
2025-03-13 12:11:43.813971 - Processed Tweet ID: 1899462422215512347, Author ID: 1526232471309758465, Username: elshborparkfc
2025-03-13 12:11:43.824684 - Progress saved after processing tweet ID 1899462422215512347
2025-03-13 12:12:45.327560 - Processed Tweet ID: 1899447637411008884, Author ID: 1472935901504364544, Username: PenCityFC
2025-03-13 12:12:45.330442 - Progress saved after processing tweet ID 1899447637411008884
2025-03-13 12:13:46.660253 - Processed Tweet ID: 1899443275263590885, Author ID: 1523301071103307777, Username: WitbyUnited
2025-03-13 12:13:46.662051 - Progress saved after processing tweet ID 1899443275263590885
2025-03-13 12:14:48.022902 - Processed Tweet ID: 1899439217190555755, Author ID: 1571400909975871489, Username: MandCronAshamFC
2025-03-13 12:14:48.036344 - Progress saved after processing tweet ID 1899439217190555755
2025-03-13 12:15:49.344622 - Processed Tweet ID: 1899434558111522976, Author ID: 1578681594499723264, Username: WoldWanderers
2025-03-13 12:15:49.357758 - Progress saved after processing tweet ID 1899434558111522976
2025-03-13 12:16:50.698755 - Processed Tweet ID: 1899396394483392523, Author ID: 1571400909975871489, Username: MandCronAshamFC
2025-03-13 12:16:50.702086 - Progress saved after processing tweet ID 1899396394483392523
2025-03-13 12:17:51.954386 - Processed Tweet ID: 1899373852687265812, Author ID: 1481050672803897345, Username: MantowOG
2025-03-13 12:17:51.954386 - Progress saved after processing tweet ID 1899373852687265812
2025-03-13 12:18:53.335067 - Processed Tweet ID: 1899215026667614307, Author ID: 1845477968094580738, Username: Hornseaffor
2025-03-13 12:18:53.337045 - Progress saved after processing tweet ID 1899215026667614307
2025-03-13 12:19:54.825396 - Processed Tweet ID: 1899211583395336563, Author ID: 1479801338343174149, Username: WeldStanley
2025-03-13 12:19:54.828094 - Progress saved after processing tweet ID 1899211583395336563
2025-03-13 12:20:56.128647 - Processed Tweet ID: 1899185556514619871, Author ID: 1674045493775663107, Username: DeftSportsGroup
2025-03-13 12:20:56.128647 - Progress saved after processing tweet ID 1899185556514619871
2025-03-13 12:21:57.462009 - Processed Tweet ID: 1899173412377108975, Author ID: 1845477968094580738, Username: Hornseaffor
2025-03-13 12:21:57.462009 - Progress saved after processing tweet ID 1899173412377108975
2025-03-13 12:22:58.802663 - Processed Tweet ID: 1899158309409824876, Author ID: 1845477968094580738, Username: Hornseaffor
2025-03-13 12:22:58.807492 - Progress saved after processing tweet ID 1899158309409824876
2025-03-13 12:24:00.154073 - Processed Tweet ID: 1899155432792621440, Author ID: 1488863695434301447, Username: soughbourn
2025-03-13 12:24:00.157081 - Progress saved after processing tweet ID 1899155432792621440
2025-03-13 12:25:01.534293 - Processed Tweet ID: 1899154833824768455, Author ID: 1467140217329098755, Username: PrethSteFC
2025-03-13 12:25:01.536649 - Progress saved after processing tweet ID 1899154833824768455
2025-03-13 12:26:02.953455 - Processed Tweet ID: 1899150255595175984, Author ID: 1481050672803897345, Username: MantowOG
2025-03-13 12:26:02.955457 - Progress saved after processing tweet ID 1899150255595175984
2025-03-13 12:27:04.336253 - Processed Tweet ID: 1899115338236674287, Author ID: 1358400749747724289, Username: Footium
2025-03-13 12:27:04.338253 - Progress saved after processing tweet ID 1899115338236674287
2025-03-13 12:28:05.727126 - Processed Tweet ID: 1899014945804841034, Author ID: 1526232471309758465, Username: elshborparkfc
2025-03-13 12:28:05.728670 - Progress saved after processing tweet ID 1899014945804841034
2025-03-13 12:29:07.100032 - Processed Tweet ID: 1899014874753311018, Author ID: 1526232471309758465, Username: elshborparkfc
2025-03-13 12:29:07.103033 - Progress saved after processing tweet ID 1899014874753311018
2025-03-13 12:30:08.766841 - Processed Tweet ID: 1898933470279123390, Author ID: 1481050672803897345, Username: MantowOG
2025-03-13 12:30:08.769841 - Progress saved after processing tweet ID 1898933470279123390
2025-03-13 12:31:10.363374 - Processed Tweet ID: 1898852601988542890, Author ID: 1479801338343174149, Username: WeldStanley
2025-03-13 12:31:10.367380 - Progress saved after processing tweet ID 1898852601988542890
2025-03-13 12:32:11.994954 - Processed Tweet ID: 1898847545465426089, Author ID: 1615431057158840321, Username: 2026bear
2025-03-13 12:32:11.997954 - Progress saved after processing tweet ID 1898847545465426089
2025-03-13 12:33:13.535161 - Processed Tweet ID: 1898844341805760589, Author ID: 1478056962319396865, Username: MingtonFc
2025-03-13 12:33:13.536615 - Progress saved after processing tweet ID 1898844341805760589
2025-03-13 12:34:14.862728 - Processed Tweet ID: 1898811025849565473, Author ID: 1845477968094580738, Username: Hornseaffor
2025-03-13 12:34:14.865143 - Progress saved after processing tweet ID 1898811025849565473
2025-03-13 12:35:16.247782 - Processed Tweet ID: 1898810083535938031, Author ID: 1481050672803897345, Username: MantowOG
2025-03-13 12:35:16.250579 - Progress saved after processing tweet ID 1898810083535938031
2025-03-13 12:36:17.706068 - Processed Tweet ID: 1898803591638626511, Author ID: 1467140217329098755, Username: PrethSteFC
2025-03-13 12:36:17.708904 - Progress saved after processing tweet ID 1898803591638626511
2025-03-13 12:37:19.119836 - Processed Tweet ID: 1898795925990158384, Author ID: 1845477968094580738, Username: Hornseaffor
2025-03-13 12:37:19.122154 - Progress saved after processing tweet ID 1898795925990158384
2025-03-13 12:38:20.528271 - Processed Tweet ID: 1898791938574213525, Author ID: 1615431057158840321, Username: 2026bear
2025-03-13 12:38:20.530705 - Progress saved after processing tweet ID 1898791938574213525
2025-03-13 12:39:21.912353 - Processed Tweet ID: 1898791904411562442, Author ID: 1615431057158840321, Username: 2026bear
2025-03-13 12:39:21.914699 - Progress saved after processing tweet ID 1898791904411562442
2025-03-13 12:40:23.296236 - Processed Tweet ID: 1898791784395776194, Author ID: 1615431057158840321, Username: 2026bear
2025-03-13 12:40:23.297257 - Progress saved after processing tweet ID 1898791784395776194
2025-03-13 12:41:24.683357 - Processed Tweet ID: 1898787386110160963, Author ID: 1534245899576168454, Username: ThamptonAlbion
2025-03-13 12:41:24.688328 - Progress saved after processing tweet ID 1898787386110160963
2025-03-13 12:42:26.069989 - Processed Tweet ID: 1898774122382905722, Author ID: 1467033552965484551, Username: SelinfieldFC
2025-03-13 12:42:26.071998 - Progress saved after processing tweet ID 1898774122382905722
2025-03-13 12:43:27.419630 - Processed Tweet ID: 1898773552981024854, Author ID: 1481050672803897345, Username: MantowOG
2025-03-13 12:43:27.421633 - Progress saved after processing tweet ID 1898773552981024854
2025-03-13 12:44:28.784823 - Processed Tweet ID: 1898716751044432300, Author ID: 242245232, Username: casperBGD
2025-03-13 12:44:28.786989 - Progress saved after processing tweet ID 1898716751044432300
2025-03-13 12:45:30.222736 - Processed Tweet ID: 1898713252617453928, Author ID: 1481050672803897345, Username: MantowOG
2025-03-13 12:45:30.224838 - Progress saved after processing tweet ID 1898713252617453928
2025-03-13 12:46:31.612362 - Processed Tweet ID: 1898706510290505838, Author ID: 1479801338343174149, Username: WeldStanley
2025-03-13 12:46:31.615371 - Progress saved after processing tweet ID 1898706510290505838
2025-03-13 12:47:32.952611 - Processed Tweet ID: 1898694318296322135, Author ID: 1526232471309758465, Username: elshborparkfc
2025-03-13 12:47:32.954698 - Progress saved after processing tweet ID 1898694318296322135
2025-03-13 12:48:34.368098 - Processed Tweet ID: 1898694219679899829, Author ID: 1526232471309758465, Username: elshborparkfc
2025-03-13 12:48:34.371301 - Progress saved after processing tweet ID 1898694219679899829
2025-03-13 12:49:36.036282 - Processed Tweet ID: 1898493165994139661, Author ID: 1466152929468030976, Username: OldseaStanley
2025-03-13 12:49:36.038662 - Progress saved after processing tweet ID 1898493165994139661
2025-03-13 12:50:37.333511 - Processed Tweet ID: 1898493075611091338, Author ID: 1481050672803897345, Username: MantowOG
2025-03-13 12:50:37.335577 - Progress saved after processing tweet ID 1898493075611091338
2025-03-13 12:51:38.761246 - Processed Tweet ID: 1898463735016218950, Author ID: 1845477968094580738, Username: Hornseaffor
2025-03-13 12:51:38.763921 - Progress saved after processing tweet ID 1898463735016218950
2025-03-13 12:52:40.261381 - Processed Tweet ID: 1898462791222153275, Author ID: 1481050672803897345, Username: MantowOG
2025-03-13 12:52:40.264281 - Progress saved after processing tweet ID 1898462791222153275
2025-03-13 12:53:41.569267 - Processed Tweet ID: 1898448636583051627, Author ID: 1845477968094580738, Username: Hornseaffor
2025-03-13 12:53:41.571735 - Progress saved after processing tweet ID 1898448636583051627
2025-03-13 12:54:42.918805 - Processed Tweet ID: 1898433363272200412, Author ID: 1481050672803897345, Username: MantowOG
2025-03-13 12:54:42.921406 - Progress saved after processing tweet ID 1898433363272200412
2025-03-13 12:55:44.292621 - Processed Tweet ID: 1898410771861659820, Author ID: 1484568770089828358, Username: WhistbyBol
2025-03-13 12:55:44.294630 - Progress saved after processing tweet ID 1898410771861659820
2025-03-13 12:56:45.644279 - Processed Tweet ID: 1898398346659651887, Author ID: 1674045493775663107, Username: DeftSportsGroup
2025-03-13 12:56:45.645613 - Progress saved after processing tweet ID 1898398346659651887
2025-03-13 12:57:47.007421 - Processed Tweet ID: 1898397288654889216, Author ID: 1485986140809220108, Username: ChildeldFC
2025-03-13 12:57:47.008934 - Progress saved after processing tweet ID 1898397288654889216
2025-03-13 12:58:48.355898 - Processed Tweet ID: 1898396912241332299, Author ID: 1467140217329098755, Username: PrethSteFC
2025-03-13 12:58:48.360583 - Progress saved after processing tweet ID 1898396912241332299
2025-03-13 12:59:49.718872 - Processed Tweet ID: 1898380860954734954, Author ID: 1472935901504364544, Username: PenCityFC
2025-03-13 12:59:49.722660 - Progress saved after processing tweet ID 1898380860954734954
2025-03-13 13:00:51.070044 - Processed Tweet ID: 1898330834731520356, Author ID: 1472935901504364544, Username: PenCityFC
2025-03-13 13:00:51.072053 - Progress saved after processing tweet ID 1898330834731520356
2025-03-13 13:01:52.473999 - Processed Tweet ID: 1898319445166043302, Author ID: 1479801338343174149, Username: WeldStanley
2025-03-13 13:01:52.479664 - Progress saved after processing tweet ID 1898319445166043302
2025-03-13 13:02:53.877900 - Processed Tweet ID: 1898291248399794559, Author ID: 1526232471309758465, Username: elshborparkfc
2025-03-13 13:02:53.879870 - Progress saved after processing tweet ID 1898291248399794559
2025-03-13 13:03:55.220352 - Processed Tweet ID: 1898291180204437820, Author ID: 1526232471309758465, Username: elshborparkfc
2025-03-13 13:03:55.222410 - Progress saved after processing tweet ID 1898291180204437820
2025-03-13 13:04:56.520873 - Processed Tweet ID: 1898287709006737474, Author ID: 1467033552965484551, Username: SelinfieldFC
2025-03-13 13:04:56.522882 - Progress saved after processing tweet ID 1898287709006737474
2025-03-13 13:05:58.745856 - Processed Tweet ID: 1898272889750618156, Author ID: 1481050672803897345, Username: MantowOG
2025-03-13 13:05:58.761562 - Progress saved after processing tweet ID 1898272889750618156
2025-03-13 13:07:00.859955 - Processed Tweet ID: 1898129929415376934, Author ID: 1845477968094580738, Username: Hornseaffor
2025-03-13 13:07:00.870619 - Progress saved after processing tweet ID 1898129929415376934
2025-03-13 13:08:02.957653 - Processed Tweet ID: 1898108661559705627, Author ID: 1467140217329098755, Username: PrethSteFC
2025-03-13 13:08:02.965410 - Progress saved after processing tweet ID 1898108661559705627
2025-03-13 13:09:05.123163 - Processed Tweet ID: 1898101348828078535, Author ID: 1845477968094580738, Username: Hornseaffor
2025-03-13 13:09:05.156516 - Progress saved after processing tweet ID 1898101348828078535
2025-03-13 13:10:07.307629 - Processed Tweet ID: 1898101101464822011, Author ID: 1487421736425566212, Username: CoroadBrains
2025-03-13 13:10:07.307629 - Progress saved after processing tweet ID 1898101101464822011
2025-03-13 13:11:09.362982 - Processed Tweet ID: 1898100420221813198, Author ID: 1481050672803897345, Username: MantowOG
2025-03-13 13:11:09.372742 - Progress saved after processing tweet ID 1898100420221813198
2025-03-13 13:12:11.532794 - Processed Tweet ID: 1898086245450104858, Author ID: 1845477968094580738, Username: Hornseaffor
2025-03-13 13:12:11.535259 - Progress saved after processing tweet ID 1898086245450104858
2025-03-13 13:13:13.626692 - Processed Tweet ID: 1898074084056899639, Author ID: 1472935901504364544, Username: PenCityFC
2025-03-13 13:13:13.657302 - Progress saved after processing tweet ID 1898074084056899639
2025-03-13 13:14:15.797625 - Processed Tweet ID: 1898073949923151898, Author ID: 1358400749747724289, Username: Footium
2025-03-13 13:14:15.801599 - Progress saved after processing tweet ID 1898073949923151898
2025-03-13 13:15:17.865248 - Processed Tweet ID: 1898052657408807069, Author ID: 1481050672803897345, Username: MantowOG
2025-03-13 13:15:17.869266 - Progress saved after processing tweet ID 1898052657408807069
2025-03-13 13:16:20.382015 - Processed Tweet ID: 1898048888478577111, Author ID: 1484568770089828358, Username: WhistbyBol
2025-03-13 13:16:20.386252 - Progress saved after processing tweet ID 1898048888478577111
2025-03-13 13:17:22.652112 - Processed Tweet ID: 1898048692612915526, Author ID: 1481050672803897345, Username: MantowOG
2025-03-13 13:17:22.652112 - Progress saved after processing tweet ID 1898048692612915526
2025-03-13 13:18:24.889697 - Processed Tweet ID: 1898015757226635479, Author ID: 1501671576407875588, Username: SwartRangersFC
2025-03-13 13:18:24.897721 - Progress saved after processing tweet ID 1898015757226635479
2025-03-13 13:19:27.010720 - Processed Tweet ID: 1897984326299537886, Author ID: 1479801338343174149, Username: WeldStanley
2025-03-13 13:19:27.021774 - Progress saved after processing tweet ID 1897984326299537886
2025-03-13 13:20:29.188878 - Processed Tweet ID: 1897932713824289089, Author ID: 1526232471309758465, Username: elshborparkfc
2025-03-13 13:20:29.194190 - Progress saved after processing tweet ID 1897932713824289089
2025-03-13 13:21:29.227614 - Author processing complete.
2025-03-13 13:21:29.234548 - Script completed
2025-03-25 09:36:05.880246 - Error fetching author ID for 1901399087661916385: 400
2025-03-25 09:36:25.354655 - Error fetching author ID for 1901399087661916385: 400
2025-03-25 09:36:45.005884 - Error fetching author ID for 1901399087661916385: 400
2025-03-25 09:37:06.107553 - Error fetching author ID for 1901399087661916385: 400
2025-03-25 09:38:49.918973 - Starting script
2025-03-25 09:38:50.985469 - Fetched and saved tweets successfully.
2025-03-25 09:38:51.690378 - Error fetching author ID for 1904406363888918979: 400
2025-03-25 09:38:51.706159 - Progress saved after processing tweet ID 1904406363888918979
2025-03-25 09:39:52.367715 - Error fetching author ID for 1904333578357665992: 400
2025-03-25 09:39:52.370604 - Progress saved after processing tweet ID 1904333578357665992
2025-03-25 09:56:50.005682 - Fetched and saved tweets successfully.
2025-03-25 09:57:10.052306 - Fetched and saved tweets successfully.
2025-03-25 09:58:38.008459 - Fetched and saved tweets successfully.
2025-03-25 10:00:58.616697 - Fetched and saved tweets successfully.
2025-03-25 10:01:11.303075 - Fetched and saved tweets successfully.
2025-03-25 10:01:11.917769 - Error fetching data for 1904406363888918979: 400
2025-03-25 10:04:32.704664 - Fetched and saved tweets successfully.
2025-03-25 10:04:33.361855 - Error fetching data for 1904406363888918979: 400
2025-03-25 10:05:44.171241 - Fetched and saved tweets successfully.
2025-03-25 10:13:14.078861 - Fetched and saved tweets successfully.
2025-03-25 10:13:37.664770 - Fetched and saved tweets successfully.
2025-03-25 10:42:26.005398 - Fetched and saved tweets successfully.
2025-03-25 10:42:46.998849 - Fetched and saved tweets successfully.
2025-03-25 10:43:57.535030 - Fetched and saved tweets successfully.
2025-03-25 10:47:26.875230 - Fetched and saved tweets successfully.
2025-03-25 10:52:01.413567 - Fetched and saved tweets successfully.
2025-03-25 10:54:13.998990 - Fetched and saved tweets successfully.
